<?xml version="1.0" encoding="UTF-8"?>
<!-- Generated by org.testng.reporters.JUnitReportReporter -->
<testsuite hostname="LAPTOP-E1NRTU5J" failures="0" tests="4" name="api.test.UserTests" time="1.060" errors="0" timestamp="2024-02-14T10:16:29 CST" skipped="0">
  <testcase classname="api.test.UserTests" name="testPostUser" time="0.286"/>
  <testcase classname="api.test.UserTests" name="testGetUser" time="0.251"/>
  <testcase classname="api.test.UserTests" name="testupdateUserbyName" time="0.264"/>
  <testcase classname="api.test.UserTests" name="testDeleteUserbyName" time="0.259"/>
</testsuite> <!-- api.test.UserTests -->
